2021-12-21 23:18:46 - IDK why this happened but it did
2021-12-21 23:18:47 - Reading TPM and updating
2021-12-21 23:18:48 - Running run.ps1 -updates
2021-12-21 23:18:49 - Something even newer happened
2021-12-21 23:18:50 - Reading TPM and updating
2021-12-21 23:18:51 - Running run.ps1 -updates
2021-12-21 23:18:52 - Something even newer happened
2021-12-21 23:18:53 - Warning some file is missing
2021-12-21 23:18:54 - Running run.ps1 -updates
2021-12-21 23:18:55 - Error with flashing BMC
2021-12-21 23:18:56 - Error with flashing CPLD
2021-12-21 23:18:57 - Warning some file is missing
2021-12-21 23:18:58 - Something new happened
2021-12-21 23:18:59 - Error with flashing BMC
2021-12-21 23:19:00 - Warning some file is missing
2021-12-21 23:19:01 - Something even newer happened
2021-12-21 23:19:02 - IDK why this happened but it did
2021-12-21 23:19:03 - Something new happened
2021-12-21 23:19:04 - Something new happened
2021-12-21 23:19:05 - Reading TPM and updating
2021-12-21 23:19:06 - Error with flashing BMC
2021-12-21 23:19:07 - Something even newer happened
2021-12-21 23:19:08 - IDK why this happened but it did
2021-12-21 23:19:09 - Error with flashing CPLD
2021-12-21 23:19:10 - Something even newer happened
2021-12-21 23:19:11 - IDK why this happened but it did
2021-12-21 23:19:12 - Something new happened
2021-12-21 23:19:13 - Something new happened
2021-12-21 23:19:14 - Something even newer happened
2021-12-21 23:19:15 - Running run.ps1 -updates
2021-12-21 23:19:16 - Error with flashing BMC
2021-12-21 23:19:17 - Running run.ps1 -updates
2021-12-21 23:19:18 - Reading TPM and updating
2021-12-21 23:19:19 - Warning some file is missing
2021-12-21 23:19:20 - Reading TPM and updating
2021-12-21 23:19:21 - Warning some file is missing
2021-12-21 23:19:22 - Something even newer happened
2021-12-21 23:19:23 - Something even newer happened
2021-12-21 23:19:24 - Error with flashing CPLD
2021-12-21 23:19:25 - Something new happened
2021-12-21 23:19:26 - Something new happened
2021-12-21 23:19:27 - Warning some file is missing
2021-12-21 23:19:28 - Error with flashing BMC
2021-12-21 23:19:29 - Error with flashing BMC
2021-12-21 23:19:30 - Error with flashing BMC
2021-12-21 23:19:31 - Error with flashing CPLD
2021-12-21 23:19:32 - Something new happened
2021-12-21 23:19:33 - Something new happened
2021-12-21 23:19:34 - Warning some file is missing
2021-12-21 23:19:35 - Reading TPM and updating
2021-12-21 23:19:36 - Something even newer happened
2021-12-21 23:19:37 - Reading TPM and updating
2021-12-21 23:19:38 - IDK why this happened but it did
2021-12-21 23:19:39 - Something even newer happened
2021-12-21 23:19:40 - Running run.ps1 -updates
2021-12-21 23:19:41 - Something new happened
2021-12-21 23:19:43 - Running run.ps1 -updates
2021-12-21 23:19:44 - Something even newer happened
2021-12-21 23:19:45 - Running run.ps1 -updates
2021-12-21 23:19:46 - Error with flashing BMC
2021-12-21 23:19:47 - IDK why this happened but it did
2021-12-21 23:19:48 - Something even newer happened
2021-12-21 23:19:49 - IDK why this happened but it did
2021-12-21 23:19:50 - Warning some file is missing
2021-12-21 23:19:51 - Something even newer happened
2021-12-21 23:19:52 - IDK why this happened but it did
2021-12-21 23:19:53 - IDK why this happened but it did
2021-12-21 23:19:54 - Warning some file is missing
2021-12-21 23:19:55 - Something even newer happened
2021-12-21 23:19:56 - Something new happened
2021-12-21 23:19:57 - Something new happened
2021-12-21 23:19:58 - Reading TPM and updating
2021-12-21 23:19:59 - Something even newer happened
2021-12-21 23:20:00 - Warning some file is missing
2021-12-21 23:20:01 - Error with flashing BMC
2021-12-21 23:20:02 - Error with flashing BMC
2021-12-21 23:20:03 - Something new happened
2021-12-21 23:20:04 - Running run.ps1 -updates
2021-12-21 23:20:05 - Error with flashing BMC
2021-12-21 23:20:06 - Reading TPM and updating
2021-12-21 23:20:07 - Running run.ps1 -updates
2021-12-21 23:20:08 - Warning some file is missing
2021-12-21 23:20:09 - Running run.ps1 -updates
2021-12-21 23:20:10 - Something new happened
2021-12-21 23:20:11 - Reading TPM and updating
2021-12-21 23:20:12 - Error with flashing BMC
2021-12-21 23:20:13 - Something even newer happened
2021-12-21 23:20:14 - Something even newer happened
2021-12-21 23:20:15 - Reading TPM and updating
2021-12-21 23:20:16 - Running run.ps1 -updates
2021-12-21 23:20:17 - IDK why this happened but it did
2021-12-21 23:20:18 - Running run.ps1 -updates
2021-12-21 23:20:19 - Error with flashing CPLD
2021-12-21 23:20:20 - Error with flashing CPLD
2021-12-21 23:20:21 - Running run.ps1 -updates
2021-12-21 23:20:22 - Something even newer happened
2021-12-21 23:20:23 - Running run.ps1 -updates
2021-12-21 23:20:24 - Error with flashing BMC
2021-12-21 23:20:25 - Warning some file is missing
2021-12-21 23:20:26 - Something new happened
2021-12-21 23:24:22 - Reading TPM and updating
2021-12-21 23:24:23 - Something new happened
2021-12-21 23:24:24 - Error with flashing CPLD
2021-12-21 23:24:25 - Running run.ps1 -updates
2021-12-21 23:24:26 - Error with flashing BMC
2021-12-21 23:24:27 - Something even newer happened
2021-12-21 23:24:28 - Error with flashing CPLD
2021-12-21 23:24:29 - Something even newer happened
2021-12-21 23:24:30 - Something even newer happened
2021-12-21 23:24:31 - IDK why this happened but it did
2021-12-21 23:24:32 - Something even newer happened
2021-12-21 23:24:33 - Something even newer happened
2021-12-21 23:24:34 - Error with flashing CPLD
2021-12-21 23:24:35 - Warning some file is missing
2021-12-21 23:24:36 - Running run.ps1 -updates
2021-12-21 23:24:37 - Something new happened
2021-12-21 23:24:38 - Error with flashing BMC
2021-12-21 23:24:39 - Running run.ps1 -updates
2021-12-21 23:24:40 - Error with flashing CPLD
2021-12-21 23:24:41 - IDK why this happened but it did
2021-12-21 23:24:42 - Error with flashing CPLD
2021-12-21 23:24:43 - Error with flashing CPLD
2021-12-21 23:24:44 - Running run.ps1 -updates
2021-12-21 23:24:45 - Error with flashing BMC
2021-12-21 23:24:46 - Error with flashing CPLD
2021-12-21 23:24:47 - Something even newer happened
2021-12-21 23:24:48 - Warning some file is missing
2021-12-21 23:24:49 - Warning some file is missing
2021-12-21 23:24:50 - Warning some file is missing
2021-12-21 23:24:51 - Something new happened
2021-12-21 23:24:52 - Reading TPM and updating
2021-12-21 23:24:53 - Something new happened
2021-12-21 23:24:54 - Something even newer happened
2021-12-21 23:24:55 - Error with flashing BMC
2021-12-21 23:24:56 - IDK why this happened but it did
2021-12-21 23:24:57 - Error with flashing CPLD
2021-12-21 23:24:58 - Something even newer happened
2021-12-21 23:24:59 - IDK why this happened but it did
2021-12-21 23:25:00 - Something even newer happened
2021-12-21 23:25:01 - Running run.ps1 -updates
2021-12-21 23:25:02 - Something even newer happened
2021-12-21 23:25:03 - Warning some file is missing
2021-12-21 23:25:04 - Something even newer happened
2021-12-21 23:25:05 - Reading TPM and updating
2021-12-21 23:25:06 - Reading TPM and updating
2021-12-21 23:25:07 - Running run.ps1 -updates
2021-12-21 23:25:08 - Reading TPM and updating
2021-12-21 23:25:09 - Reading TPM and updating
2021-12-21 23:25:10 - Something new happened
2021-12-21 23:25:11 - Reading TPM and updating
2021-12-21 23:25:12 - Warning some file is missing
2021-12-21 23:25:13 - Error with flashing BMC
2021-12-21 23:25:14 - Error with flashing CPLD
2021-12-21 23:25:15 - IDK why this happened but it did
2021-12-21 23:25:16 - Reading TPM and updating
2021-12-21 23:25:17 - IDK why this happened but it did
2021-12-21 23:25:18 - Error with flashing BMC
2021-12-21 23:25:19 - IDK why this happened but it did
2021-12-21 23:25:20 - Running run.ps1 -updates
2021-12-21 23:25:21 - Warning some file is missing
2021-12-21 23:25:22 - Something new happened
2021-12-21 23:25:23 - IDK why this happened but it did
2021-12-21 23:25:24 - Warning some file is missing
2021-12-21 23:25:25 - Something new happened
2021-12-21 23:25:26 - Running run.ps1 -updates
2021-12-21 23:25:27 - IDK why this happened but it did
2021-12-21 23:25:28 - Warning some file is missing
2021-12-21 23:25:29 - Error with flashing BMC
2021-12-21 23:25:30 - Error with flashing BMC
2021-12-21 23:25:31 - Error with flashing BMC
2021-12-21 23:25:32 - Running run.ps1 -updates
2021-12-21 23:25:33 - Something even newer happened
2021-12-21 23:25:34 - IDK why this happened but it did
2021-12-21 23:25:35 - Warning some file is missing
2021-12-21 23:25:36 - IDK why this happened but it did
2021-12-21 23:25:37 - IDK why this happened but it did
2021-12-21 23:25:38 - Running run.ps1 -updates
2021-12-21 23:25:39 - Reading TPM and updating
2021-12-21 23:25:40 - Error with flashing CPLD
2021-12-21 23:25:41 - Reading TPM and updating
2021-12-21 23:25:42 - Reading TPM and updating
2021-12-21 23:25:43 - Error with flashing CPLD
2021-12-21 23:25:44 - Warning some file is missing
2021-12-21 23:25:45 - Warning some file is missing
2021-12-21 23:25:46 - Running run.ps1 -updates
2021-12-21 23:25:47 - Something even newer happened
2021-12-21 23:25:48 - Reading TPM and updating
2021-12-21 23:25:49 - Running run.ps1 -updates
2021-12-21 23:25:50 - Warning some file is missing
2021-12-21 23:25:51 - IDK why this happened but it did
2021-12-21 23:25:52 - Reading TPM and updating
2021-12-21 23:25:53 - Error with flashing BMC
2021-12-21 23:25:54 - IDK why this happened but it did
2021-12-21 23:25:56 - Error with flashing BMC
2021-12-21 23:25:57 - Error with flashing CPLD
2021-12-21 23:25:58 - Warning some file is missing
2021-12-21 23:25:59 - Error with flashing CPLD
2021-12-21 23:26:00 - Warning some file is missing
2021-12-21 23:26:01 - Something new happened
2021-12-21 23:26:02 - Warning some file is missing
2021-12-21 23:27:00 - Reading TPM and updating
2021-12-21 23:27:01 - Error with flashing BMC
2021-12-21 23:27:02 - IDK why this happened but it did
2021-12-21 23:27:03 - Reading TPM and updating
2021-12-21 23:27:04 - Error with flashing BMC
2021-12-21 23:27:05 - Error with flashing BMC
2021-12-21 23:27:06 - Warning some file is missing
2021-12-21 23:27:07 - Something even newer happened
2021-12-21 23:27:08 - Warning some file is missing
2021-12-21 23:27:09 - Warning some file is missing
2021-12-21 23:27:10 - IDK why this happened but it did
2021-12-21 23:27:11 - Error with flashing BMC
2021-12-21 23:27:12 - Reading TPM and updating
2021-12-21 23:27:13 - Error with flashing CPLD
2021-12-21 23:27:14 - Error with flashing BMC
2021-12-21 23:27:15 - Error with flashing CPLD
2021-12-21 23:27:16 - Warning some file is missing
2021-12-21 23:27:17 - Warning some file is missing
2021-12-21 23:27:18 - Error with flashing BMC
2021-12-21 23:27:19 - Error with flashing CPLD
2021-12-21 23:27:20 - Something even newer happened
2021-12-21 23:27:21 - Warning some file is missing
2021-12-21 23:27:22 - Something new happened
2021-12-21 23:27:23 - Running run.ps1 -updates
2021-12-21 23:27:24 - Running run.ps1 -updates
2021-12-21 23:27:25 - IDK why this happened but it did
2021-12-21 23:27:26 - IDK why this happened but it did
2021-12-21 23:27:27 - Error with flashing BMC
2021-12-21 23:27:28 - Warning some file is missing
2021-12-21 23:27:29 - Running run.ps1 -updates
2021-12-21 23:27:30 - Reading TPM and updating
2021-12-21 23:27:31 - Reading TPM and updating
2021-12-21 23:27:32 - Reading TPM and updating
2021-12-21 23:27:33 - Warning some file is missing
2021-12-21 23:27:34 - Running run.ps1 -updates
2021-12-21 23:27:35 - Error with flashing BMC
2021-12-21 23:27:36 - Something new happened
2021-12-21 23:27:37 - Something even newer happened
2021-12-21 23:27:38 - Something new happened
2021-12-21 23:27:39 - Error with flashing BMC
2021-12-21 23:27:40 - Warning some file is missing
2021-12-21 23:27:41 - Error with flashing CPLD
2021-12-21 23:27:42 - Reading TPM and updating
2021-12-21 23:27:43 - Warning some file is missing
2021-12-21 23:27:44 - IDK why this happened but it did
2021-12-21 23:27:45 - Reading TPM and updating
2021-12-21 23:27:46 - Warning some file is missing
2021-12-21 23:27:47 - Something even newer happened
2021-12-21 23:27:48 - Something new happened
2021-12-21 23:27:49 - IDK why this happened but it did
2021-12-21 23:27:50 - Reading TPM and updating
2021-12-21 23:27:51 - Reading TPM and updating
2021-12-21 23:27:52 - Something even newer happened
2021-12-21 23:27:53 - Running run.ps1 -updates
2021-12-21 23:27:54 - Something even newer happened
2021-12-21 23:27:55 - Error with flashing BMC
2021-12-21 23:27:56 - Reading TPM and updating
2021-12-21 23:27:57 - Reading TPM and updating
2021-12-21 23:27:58 - IDK why this happened but it did
2021-12-21 23:27:59 - Error with flashing BMC
2021-12-21 23:28:00 - Running run.ps1 -updates
2021-12-21 23:28:01 - Error with flashing CPLD
2021-12-21 23:28:02 - Warning some file is missing
2021-12-21 23:28:03 - Warning some file is missing
2021-12-21 23:28:04 - Running run.ps1 -updates
2021-12-21 23:28:05 - Warning some file is missing
2021-12-21 23:28:06 - Error with flashing CPLD
2021-12-21 23:28:07 - Error with flashing CPLD
2021-12-21 23:28:08 - Running run.ps1 -updates
2021-12-21 23:28:09 - Something new happened
2021-12-21 23:28:10 - IDK why this happened but it did
2021-12-21 23:28:11 - Error with flashing CPLD
2021-12-21 23:28:12 - Warning some file is missing
2021-12-21 23:28:13 - Something even newer happened
2021-12-21 23:28:14 - Error with flashing BMC
2021-12-21 23:28:15 - Warning some file is missing
2021-12-21 23:28:16 - Warning some file is missing
2021-12-21 23:28:17 - IDK why this happened but it did
2021-12-21 23:28:18 - Error with flashing BMC
2021-12-21 23:28:19 - Running run.ps1 -updates
2021-12-21 23:28:20 - Reading TPM and updating
2021-12-21 23:28:21 - Warning some file is missing
2021-12-21 23:28:22 - Reading TPM and updating
2021-12-21 23:28:23 - Error with flashing BMC
2021-12-21 23:28:24 - Warning some file is missing
2021-12-21 23:28:25 - Warning some file is missing
2021-12-21 23:28:26 - IDK why this happened but it did
2021-12-21 23:28:27 - Something new happened
2021-12-21 23:28:28 - Something even newer happened
2021-12-21 23:28:29 - Something new happened
2021-12-21 23:28:30 - Warning some file is missing
2021-12-21 23:28:31 - Error with flashing CPLD
2021-12-21 23:28:32 - Warning some file is missing
2021-12-21 23:28:33 - Something even newer happened
2021-12-21 23:28:34 - Something new happened
2021-12-21 23:28:35 - IDK why this happened but it did
2021-12-21 23:28:36 - Error with flashing CPLD
2021-12-21 23:28:37 - Warning some file is missing
2021-12-21 23:28:38 - IDK why this happened but it did
2021-12-21 23:28:39 - Error with flashing BMC
